#
# There is insufficient memory for the Java Runtime Environment to continue.
# Native memory allocation (malloc) failed to allocate 407760 bytes for Chunk::new
# Possible reasons:
#   The system is out of physical RAM or swap space
#   The process is running with CompressedOops enabled, and the Java Heap may be blocking the growth of the native heap
# Possible solutions:
#   Reduce memory load on the system
#   Increase physical memory or swap space
#   Check if swap backing store is full
#   Decrease Java heap size (-Xmx/-Xms)
#   Decrease number of Java threads
#   Decrease Java thread stack sizes (-Xss)
#   Set larger code cache with -XX:ReservedCodeCacheSize=
#   JVM is running with Zero Based Compressed Oops mode in which the Java heap is
#     placed in the first 32GB address space. The Java Heap base address is the
#     maximum limit for the native heap growth. Please use -XX:HeapBaseMinAddress
#     to set the Java Heap base and to place the Java Heap above 32GB virtual address.
# This output file may be truncated or incomplete.
#
#  Out of Memory Error (allocation.cpp:389), pid=1344, tid=0x0000000000004228
#
# JRE version: Java(TM) SE Runtime Environment (8.0_351-b10) (build 1.8.0_351-b10)
# Java VM: Java HotSpot(TM) 64-Bit Server VM (25.351-b10 mixed mode windows-amd64 compressed oops)
# Failed to write core dump. Minidumps are not enabled by default on client versions of Windows
#

---------------  T H R E A D  ---------------

Current thread (0x000002991e1b6800):  JavaThread "C2 CompilerThread1" daemon [_thread_in_native, id=16936, stack(0x000000e7e4900000,0x000000e7e4a00000)]

Stack: [0x000000e7e4900000,0x000000e7e4a00000]
Native frames: (J=compiled Java code, j=interpreted, Vv=VM code, C=native code)
V  [jvm.dll+0x3300b9]
V  [jvm.dll+0x276632]
V  [jvm.dll+0x2772dd]
V  [jvm.dll+0x26dc85]
V  [jvm.dll+0xd584c]
V  [jvm.dll+0xd604c]
V  [jvm.dll+0x4b8597]
V  [jvm.dll+0x4b74fe]
V  [jvm.dll+0x441f1e]
V  [jvm.dll+0x4414d5]
V  [jvm.dll+0x42c27b]
V  [jvm.dll+0xac69b]
V  [jvm.dll+0xaacfb]
V  [jvm.dll+0x23ec62]
V  [jvm.dll+0x29330c]
C  [ucrtbase.dll+0x21bb2]
C  [KERNEL32.DLL+0x17614]
C  [ntdll.dll+0x526a1]


Current CompileTask:
C2:  12377 9166       4       com.sun.tools.javac.parser.JavacParser::formalParameters (125 bytes)


---------------  P R O C E S S  ---------------

Java Threads: ( => current thread )
  0x000002991e257000 JavaThread "Service Thread" daemon [_thread_blocked, id=13244, stack(0x000000e7e4c00000,0x000000e7e4d00000)]
  0x000002991e1c4800 JavaThread "C1 CompilerThread3" daemon [_thread_blocked, id=15464, stack(0x000000e7e4b00000,0x000000e7e4c00000)]
  0x000002991e1ba800 JavaThread "C2 CompilerThread2" daemon [_thread_in_native, id=13264, stack(0x000000e7e4a00000,0x000000e7e4b00000)]
=>0x000002991e1b6800 JavaThread "C2 CompilerThread1" daemon [_thread_in_native, id=16936, stack(0x000000e7e4900000,0x000000e7e4a00000)]
  0x000002991e1b3000 JavaThread "C2 CompilerThread0" daemon [_thread_in_native, id=6012, stack(0x000000e7e4800000,0x000000e7e4900000)]
  0x000002991e1b1800 JavaThread "Monitor Ctrl-Break" daemon [_thread_in_native, id=7516, stack(0x000000e7e4700000,0x000000e7e4800000)]
  0x000002991bd9c800 JavaThread "Attach Listener" daemon [_thread_blocked, id=10940, stack(0x000000e7e4600000,0x000000e7e4700000)]
  0x000002991bd85000 JavaThread "Signal Dispatcher" daemon [_thread_blocked, id=16280, stack(0x000000e7e4500000,0x000000e7e4600000)]
  0x000002991bd69800 JavaThread "Finalizer" daemon [_thread_blocked, id=7608, stack(0x000000e7e4400000,0x000000e7e4500000)]
  0x000002991bd60000 JavaThread "Reference Handler" daemon [_thread_blocked, id=8048, stack(0x000000e7e4300000,0x000000e7e4400000)]
  0x00000299014ac800 JavaThread "main" [_thread_in_native, id=2828, stack(0x000000e7e3700000,0x000000e7e3800000)]

Other Threads:
  0x000002991bd3b000 VMThread [stack: 0x000000e7e4200000,0x000000e7e4300000] [id=5748]
  0x000002991e28c000 WatcherThread [stack: 0x000000e7e4d00000,0x000000e7e4e00000] [id=2680]

VM state:not at safepoint (normal execution)

VM Mutex/Monitor currently owned by a thread: None

heap address: 0x00000006ca200000, size: 3934 MB, Compressed Oops mode: Zero based, Oop shift amount: 3
Narrow klass base: 0x0000000000000000, Narrow klass shift: 3
Compressed class space size: 1073741824 Address: 0x00000007c0000000

Heap:
 PSYoungGen      total 492544K, used 68514K [0x000000076e100000, 0x0000000797580000, 0x00000007c0000000)
  eden space 451072K, 15% used [0x000000076e100000,0x00000007723e8938,0x0000000789980000)
  from space 41472K, 0% used [0x0000000789980000,0x0000000789980000,0x000000078c200000)
  to   space 40960K, 0% used [0x0000000794d80000,0x0000000794d80000,0x0000000797580000)
 ParOldGen       total 195584K, used 37527K [0x00000006ca200000, 0x00000006d6100000, 0x000000076e100000)
  object space 195584K, 19% used [0x00000006ca200000,0x00000006cc6a5f48,0x00000006d6100000)
 Metaspace       used 29290K, capacity 30024K, committed 34224K, reserved 1079296K
  class space    used 3214K, capacity 3444K, committed 4016K, reserved 1048576K

Card table byte_map: [0x0000029912350000,0x0000029912b00000] byte_map_base: 0x000002990ecff000

Marking Bits: (ParMarkBitMap*) 0x0000000064068fd0
 Begin Bits: [0x0000029913020000, 0x0000029916d98000)
 End Bits:   [0x0000029916d98000, 0x000002991ab10000)

Polling page: 0x0000029901460000

CodeCache: size=245760Kb used=29493Kb max_used=30594Kb free=216266Kb
 bounds [0x0000029902f90000, 0x0000029904dc0000, 0x0000029911f90000]
 total_blobs=7461 nmethods=7009 adapters=364
 compilation: enabled

Compilation events (10 events):
Event: 12.312 Thread 0x000002991e1b6800 nmethod 9156 0x00000299035877d0 code [0x00000299035879a0, 0x0000029903588608]
Event: 12.312 Thread 0x000002991e1b6800 9158       4       com.sun.tools.javac.parser.JavacParser::blockStatements (59 bytes)
Event: 12.314 Thread 0x000002991e1c4800 9175       3       com.sun.tools.javac.parser.JavacParser::strval (38 bytes)
Event: 12.315 Thread 0x000002991e1c4800 nmethod 9175 0x0000029903bebd90 code [0x0000029903bebfe0, 0x0000029903becf30]
Event: 12.317 Thread 0x000002991e1b6800 nmethod 9158 0x0000029903cd9250 code [0x0000029903cd9420, 0x0000029903cd9a68]
Event: 12.318 Thread 0x000002991e1b6800 9166       4       com.sun.tools.javac.parser.JavacParser::formalParameters (125 bytes)
Event: 12.328 Thread 0x000002991e1c4800 9179 %     3       com.sun.tools.javac.parser.JavacParser::classOrInterfaceBody @ 57 (134 bytes)
Event: 12.329 Thread 0x000002991e1c4800 nmethod 9179% 0x0000029903621410 code [0x00000299036216a0, 0x0000029903622580]
Event: 12.354 Thread 0x000002991e1c4800 9184       2       com.sun.tools.javac.parser.JavacParser::typeDeclaration (56 bytes)
Event: 12.355 Thread 0x000002991e1c4800 nmethod 9184 0x0000029903cb1b10 code [0x0000029903cb1cc0, 0x0000029903cb2050]

GC Heap History (10 events):
Event: 6.911 GC heap before
{Heap before GC invocations=11 (full 1):
 PSYoungGen      total 288768K, used 286843K [0x000000076e100000, 0x0000000787e80000, 0x00000007c0000000)
  eden space 249344K, 100% used [0x000000076e100000,0x000000077d480000,0x000000077d480000)
  from space 39424K, 95% used [0x000000077d480000,0x000000077f91ec48,0x000000077fb00000)
  to   space 44032K, 0% used [0x0000000785380000,0x0000000785380000,0x0000000787e80000)
 ParOldGen       total 116736K, used 59368K [0x00000006ca200000, 0x00000006d1400000, 0x000000076e100000)
  object space 116736K, 50% used [0x00000006ca200000,0x00000006cdbfa2a0,0x00000006d1400000)
 Metaspace       used 30208K, capacity 31178K, committed 31408K, reserved 1077248K
  class space    used 3498K, capacity 3698K, committed 3760K, reserved 1048576K
Event: 6.933 GC heap after
Heap after GC invocations=11 (full 1):
 PSYoungGen      total 378880K, used 28658K [0x000000076e100000, 0x0000000788b00000, 0x00000007c0000000)
  eden space 334848K, 0% used [0x000000076e100000,0x000000076e100000,0x0000000782800000)
  from space 44032K, 65% used [0x0000000785380000,0x0000000786f7cb40,0x0000000787e80000)
  to   space 44544K, 0% used [0x0000000782800000,0x0000000782800000,0x0000000785380000)
 ParOldGen       total 116736K, used 75359K [0x00000006ca200000, 0x00000006d1400000, 0x000000076e100000)
  object space 116736K, 64% used [0x00000006ca200000,0x00000006ceb97fb8,0x00000006d1400000)
 Metaspace       used 30208K, capacity 31178K, committed 31408K, reserved 1077248K
  class space    used 3498K, capacity 3698K, committed 3760K, reserved 1048576K
}
Event: 7.876 GC heap before
{Heap before GC invocations=12 (full 1):
 PSYoungGen      total 378880K, used 363506K [0x000000076e100000, 0x0000000788b00000, 0x00000007c0000000)
  eden space 334848K, 100% used [0x000000076e100000,0x0000000782800000,0x0000000782800000)
  from space 44032K, 65% used [0x0000000785380000,0x0000000786f7cb40,0x0000000787e80000)
  to   space 44544K, 0% used [0x0000000782800000,0x0000000782800000,0x0000000785380000)
 ParOldGen       total 116736K, used 75359K [0x00000006ca200000, 0x00000006d1400000, 0x000000076e100000)
  object space 116736K, 64% used [0x00000006ca200000,0x00000006ceb97fb8,0x00000006d1400000)
 Metaspace       used 30288K, capacity 31244K, committed 31408K, reserved 1077248K
  class space    used 3500K, capacity 3700K, committed 3760K, reserved 1048576K
Event: 7.888 GC heap after
Heap after GC invocations=12 (full 1):
 PSYoungGen      total 379392K, used 15853K [0x000000076e100000, 0x000000078f500000, 0x00000007c0000000)
  eden space 334848K, 0% used [0x000000076e100000,0x000000076e100000,0x0000000782800000)
  from space 44544K, 35% used [0x0000000782800000,0x000000078377b5f8,0x0000000785380000)
  to   space 43520K, 0% used [0x000000078ca80000,0x000000078ca80000,0x000000078f500000)
 ParOldGen       total 116736K, used 79648K [0x00000006ca200000, 0x00000006d1400000, 0x000000076e100000)
  object space 116736K, 68% used [0x00000006ca200000,0x00000006cefc8038,0x00000006d1400000)
 Metaspace       used 30288K, capacity 31244K, committed 31408K, reserved 1077248K
  class space    used 3500K, capacity 3700K, committed 3760K, reserved 1048576K
}
Event: 9.117 GC heap before
{Heap before GC invocations=13 (full 1):
 PSYoungGen      total 379392K, used 350701K [0x000000076e100000, 0x000000078f500000, 0x00000007c0000000)
  eden space 334848K, 100% used [0x000000076e100000,0x0000000782800000,0x0000000782800000)
  from space 44544K, 35% used [0x0000000782800000,0x000000078377b5f8,0x0000000785380000)
  to   space 43520K, 0% used [0x000000078ca80000,0x000000078ca80000,0x000000078f500000)
 ParOldGen       total 116736K, used 79648K [0x00000006ca200000, 0x00000006d1400000, 0x000000076e100000)
  object space 116736K, 68% used [0x00000006ca200000,0x00000006cefc8038,0x00000006d1400000)
 Metaspace       used 31170K, capacity 32108K, committed 32176K, reserved 1077248K
  class space    used 3511K, capacity 3732K, committed 3760K, reserved 1048576K
Event: 9.134 GC heap after
Heap after GC invocations=13 (full 1):
 PSYoungGen      total 483840K, used 21293K [0x000000076e100000, 0x000000078ea80000, 0x00000007c0000000)
  eden space 451072K, 0% used [0x000000076e100000,0x000000076e100000,0x0000000789980000)
  from space 32768K, 64% used [0x000000078ca80000,0x000000078df4b418,0x000000078ea80000)
  to   space 41472K, 0% used [0x0000000789980000,0x0000000789980000,0x000000078c200000)
 ParOldGen       total 116736K, used 92042K [0x00000006ca200000, 0x00000006d1400000, 0x000000076e100000)
  object space 116736K, 78% used [0x00000006ca200000,0x00000006cfbe2b70,0x00000006d1400000)
 Metaspace       used 31170K, capacity 32108K, committed 32176K, reserved 1077248K
  class space    used 3511K, capacity 3732K, committed 3760K, reserved 1048576K
}
Event: 11.897 GC heap before
{Heap before GC invocations=14 (full 1):
 PSYoungGen      total 483840K, used 472365K [0x000000076e100000, 0x000000078ea80000, 0x00000007c0000000)
  eden space 451072K, 100% used [0x000000076e100000,0x0000000789980000,0x0000000789980000)
  from space 32768K, 64% used [0x000000078ca80000,0x000000078df4b418,0x000000078ea80000)
  to   space 41472K, 0% used [0x0000000789980000,0x0000000789980000,0x000000078c200000)
 ParOldGen       total 116736K, used 92042K [0x00000006ca200000, 0x00000006d1400000, 0x000000076e100000)
  object space 116736K, 78% used [0x00000006ca200000,0x00000006cfbe2b70,0x00000006d1400000)
 Metaspace       used 33139K, capacity 34162K, committed 34224K, reserved 1079296K
  class space    used 3713K, capacity 3970K, committed 4016K, reserved 1048576K
Event: 11.916 GC heap after
Heap after GC invocations=14 (full 1):
 PSYoungGen      total 492544K, used 13900K [0x000000076e100000, 0x0000000797580000, 0x00000007c0000000)
  eden space 451072K, 0% used [0x000000076e100000,0x000000076e100000,0x0000000789980000)
  from space 41472K, 33% used [0x0000000789980000,0x000000078a713378,0x000000078c200000)
  to   space 40960K, 0% used [0x0000000794d80000,0x0000000794d80000,0x0000000797580000)
 ParOldGen       total 116736K, used 112123K [0x00000006ca200000, 0x00000006d1400000, 0x000000076e100000)
  object space 116736K, 96% used [0x00000006ca200000,0x00000006d0f7ed38,0x00000006d1400000)
 Metaspace       used 33139K, capacity 34162K, committed 34224K, reserved 1079296K
  class space    used 3713K, capacity 3970K, committed 4016K, reserved 1048576K
}
Event: 11.916 GC heap before
{Heap before GC invocations=15 (full 2):
 PSYoungGen      total 492544K, used 13900K [0x000000076e100000, 0x0000000797580000, 0x00000007c0000000)
  eden space 451072K, 0% used [0x000000076e100000,0x000000076e100000,0x0000000789980000)
  from space 41472K, 33% used [0x0000000789980000,0x000000078a713378,0x000000078c200000)
  to   space 40960K, 0% used [0x0000000794d80000,0x0000000794d80000,0x0000000797580000)
 ParOldGen       total 116736K, used 112123K [0x00000006ca200000, 0x00000006d1400000, 0x000000076e100000)
  object space 116736K, 96% used [0x00000006ca200000,0x00000006d0f7ed38,0x00000006d1400000)
 Metaspace       used 33139K, capacity 34162K, committed 34224K, reserved 1079296K
  class space    used 3713K, capacity 3970K, committed 4016K, reserved 1048576K
Event: 11.973 GC heap after
Heap after GC invocations=15 (full 2):
 PSYoungGen      total 492544K, used 0K [0x000000076e100000, 0x0000000797580000, 0x00000007c0000000)
  eden space 451072K, 0% used [0x000000076e100000,0x000000076e100000,0x0000000789980000)
  from space 41472K, 0% used [0x0000000789980000,0x0000000789980000,0x000000078c200000)
  to   space 40960K, 0% used [0x0000000794d80000,0x0000000794d80000,0x0000000797580000)
 ParOldGen       total 195584K, used 37527K [0x00000006ca200000, 0x00000006d6100000, 0x000000076e100000)
  object space 195584K, 19% used [0x00000006ca200000,0x00000006cc6a5f48,0x00000006d6100000)
 Metaspace       used 29194K, capacity 29992K, committed 34224K, reserved 1079296K
  class space    used 3205K, capacity 3412K, committed 4016K, reserved 1048576K
}

Deoptimization events (10 events):
Event: 11.859 Thread 0x00000299014ac800 Uncommon trap: reason=class_check action=maybe_recompile pc=0x00000299040938f4 method=org.apache.maven.model.merge.ModelMerger$DependencyKeyComputer.key(Lorg/apache/maven/model/Dependency;)Ljava/lang/Object; @ 5
Event: 11.859 Thread 0x00000299014ac800 Uncommon trap: reason=class_check action=maybe_recompile pc=0x0000029903835f90 method=org.apache.maven.model.merge.ModelMerger$DependencyKeyComputer.key(Lorg/apache/maven/model/Dependency;)Ljava/lang/Object; @ 5
Event: 11.859 Thread 0x00000299014ac800 Uncommon trap: reason=class_check action=maybe_recompile pc=0x0000029903835f90 method=org.apache.maven.model.merge.ModelMerger$DependencyKeyComputer.key(Lorg/apache/maven/model/Dependency;)Ljava/lang/Object; @ 5
Event: 11.859 Thread 0x00000299014ac800 Uncommon trap: reason=class_check action=maybe_recompile pc=0x0000029903835f90 method=org.apache.maven.model.merge.ModelMerger$DependencyKeyComputer.key(Lorg/apache/maven/model/Dependency;)Ljava/lang/Object; @ 5
Event: 11.859 Thread 0x00000299014ac800 Uncommon trap: reason=class_check action=maybe_recompile pc=0x00000299040938f4 method=org.apache.maven.model.merge.ModelMerger$DependencyKeyComputer.key(Lorg/apache/maven/model/Dependency;)Ljava/lang/Object; @ 5
Event: 11.865 Thread 0x00000299014ac800 Uncommon trap: reason=unstable_if action=reinterpret pc=0x00000299036c9034 method=org.apache.maven.model.validation.DefaultModelValidator.validateEffectiveDependency(Lorg/apache/maven/model/building/ModelProblemCollector;Lorg/apache/maven/model/Dependency
Event: 11.866 Thread 0x00000299014ac800 Uncommon trap: reason=unstable_if action=reinterpret pc=0x00000299049ef8bc method=org.apache.maven.repository.internal.ArtifactDescriptorReaderDelegate.convert(Lorg/apache/maven/model/Dependency;Lorg/eclipse/aether/artifact/ArtifactTypeRegistry;)Lorg/ecli
Event: 11.866 Thread 0x00000299014ac800 Uncommon trap: reason=unstable_if action=reinterpret pc=0x0000029903ba81b8 method=org.eclipse.aether.artifact.DefaultArtifact.merge(Ljava/util/Map;Ljava/util/Map;)Ljava/util/Map; @ 1
Event: 11.996 Thread 0x00000299014ac800 Uncommon trap: reason=unstable_if action=reinterpret pc=0x00000299033d7038 method=org.codehaus.plexus.util.SelectorUtils.match([C[CZ)Z @ 166
Event: 12.301 Thread 0x00000299014ac800 Uncommon trap: reason=unstable_if action=reinterpret pc=0x0000029904132a20 method=com.sun.tools.javac.parser.JavacParser.term3()Lcom/sun/tools/javac/tree/JCTree$JCExpression; @ 2128

Classes redefined (0 events):
No events

Internal exceptions (10 events):
Event: 8.405 Thread 0x00000299014ac800 Implicit null exception at 0x00000299047e801e to 0x00000299047e9d0d
Event: 8.405 Thread 0x00000299014ac800 Implicit null exception at 0x00000299047d6eb1 to 0x00000299047d7bfd
Event: 9.380 Thread 0x00000299014ac800 Implicit null exception at 0x0000029903d6a7a5 to 0x0000029903d6a8b1
Event: 9.384 Thread 0x00000299014ac800 Implicit null exception at 0x000002990321e3e5 to 0x000002990321e52d
Event: 9.441 Thread 0x00000299014ac800 Implicit null exception at 0x0000029904b11a68 to 0x0000029904b16d3d
Event: 9.717 Thread 0x00000299014ac800 Exception <a 'java/lang/NoSuchMethodError': org.apache.maven.execution.MavenExecutionRequest.getFailureBehavior()Ljava/lang/String;> (0x000000077772f738) thrown at [C:\jenkins\workspace\8-2-build-windows-x64-cygwin\jdk8u351\2908\hotspot\src\share\vm\inter
Event: 10.178 Thread 0x00000299014ac800 Exception <a 'java/io/FileNotFoundException'> (0x000000077d2f8620) thrown at [C:\jenkins\workspace\8-2-build-windows-x64-cygwin\jdk8u351\2908\hotspot\src\share\vm\prims\jni.cpp, line 710]
Event: 11.610 Thread 0x00000299014ac800 Implicit null exception at 0x0000029903e17204 to 0x0000029903e17f3d
Event: 11.622 Thread 0x00000299014ac800 Implicit null exception at 0x0000029904b7b558 to 0x0000029904b7bac5
Event: 11.726 Thread 0x00000299014ac800 Exception <a 'java/lang/NoSuchMethodError': org.apache.maven.execution.MavenExecutionRequest.getFailureBehavior()Ljava/lang/String;> (0x0000000783d51ee0) thrown at [C:\jenkins\workspace\8-2-build-windows-x64-cygwin\jdk8u351\2908\hotspot\src\share\vm\inter

Events (10 events):
Event: 12.351 Thread 0x00000299014ac800 DEOPT PACKING pc=0x000002990478aadb sp=0x000000e7e37fc850
Event: 12.351 Thread 0x00000299014ac800 DEOPT UNPACKING pc=0x0000029902fd7518 sp=0x000000e7e37fc578 mode 0
Event: 12.352 Thread 0x00000299014ac800 DEOPT PACKING pc=0x000002990478aadb sp=0x000000e7e37fcbc0
Event: 12.352 Thread 0x00000299014ac800 DEOPT UNPACKING pc=0x0000029902fd7518 sp=0x000000e7e37fc8e8 mode 0
Event: 12.356 Thread 0x00000299014ac800 DEOPT PACKING pc=0x000002990478aaf2 sp=0x000000e7e37fc930
Event: 12.356 Thread 0x00000299014ac800 DEOPT UNPACKING pc=0x0000029902fd7518 sp=0x000000e7e37fc650 mode 0
Event: 12.357 Thread 0x00000299014ac800 DEOPT PACKING pc=0x000002990478ab29 sp=0x000000e7e37fc730
Event: 12.357 Thread 0x00000299014ac800 DEOPT UNPACKING pc=0x0000029902fd7518 sp=0x000000e7e37fc460 mode 0
Event: 12.358 Thread 0x00000299014ac800 DEOPT PACKING pc=0x000002990478aadb sp=0x000000e7e37fc730
Event: 12.358 Thread 0x00000299014ac800 DEOPT UNPACKING pc=0x0000029902fd7518 sp=0x000000e7e37fc458 mode 0


Dynamic libraries:
0x00007ff7666b0000 - 0x00007ff7666f7000 	D:\Program Files\Java\jdk1.8.0_351\bin\java.exe
0x00007fff392b0000 - 0x00007fff394a8000 	C:\WINDOWS\SYSTEM32\ntdll.dll
0x00007fff38ec0000 - 0x00007fff38f7f000 	C:\WINDOWS\System32\KERNEL32.DLL
0x00007fff36fa0000 - 0x00007fff37272000 	C:\WINDOWS\System32\KERNELBASE.dll
0x00007fff383f0000 - 0x00007fff3849e000 	C:\WINDOWS\System32\ADVAPI32.dll
0x00007fff37860000 - 0x00007fff378fe000 	C:\WINDOWS\System32\msvcrt.dll
0x00007fff384b0000 - 0x00007fff3854c000 	C:\WINDOWS\System32\sechost.dll
0x00007fff385d0000 - 0x00007fff386f5000 	C:\WINDOWS\System32\RPCRT4.dll
0x00007fff38240000 - 0x00007fff383e1000 	C:\WINDOWS\System32\USER32.dll
0x00007fff36d30000 - 0x00007fff36d52000 	C:\WINDOWS\System32\win32u.dll
0x00007fff37330000 - 0x00007fff3735b000 	C:\WINDOWS\System32\GDI32.dll
0x00007fff36d60000 - 0x00007fff36e6f000 	C:\WINDOWS\System32\gdi32full.dll
0x00007fff36f00000 - 0x00007fff36f9d000 	C:\WINDOWS\System32\msvcp_win.dll
0x00007fff369f0000 - 0x00007fff36af0000 	C:\WINDOWS\System32\ucrtbase.dll
0x00007fff1d800000 - 0x00007fff1da9a000 	C:\WINDOWS\WinSxS\amd64_microsoft.windows.common-controls_6595b64144ccf1df_6.0.19041.1110_none_60b5254171f9507e\COMCTL32.dll
0x00007fff372f0000 - 0x00007fff37322000 	C:\WINDOWS\System32\IMM32.DLL
0x00007fff31f90000 - 0x00007fff31fa5000 	D:\Program Files\Java\jdk1.8.0_351\jre\bin\vcruntime140.dll
0x00007fff01340000 - 0x00007fff013db000 	D:\Program Files\Java\jdk1.8.0_351\jre\bin\msvcp140.dll
0x0000000063880000 - 0x00000000640e1000 	D:\Program Files\Java\jdk1.8.0_351\jre\bin\server\jvm.dll
0x00007fff37360000 - 0x00007fff37368000 	C:\WINDOWS\System32\PSAPI.DLL
0x00007fff2ea20000 - 0x00007fff2ea2a000 	C:\WINDOWS\SYSTEM32\VERSION.dll
0x00007fff34220000 - 0x00007fff34229000 	C:\WINDOWS\SYSTEM32\WSOCK32.dll
0x00007fff2dc40000 - 0x00007fff2dc67000 	C:\WINDOWS\SYSTEM32\WINMM.dll
0x00007fff39200000 - 0x00007fff3926b000 	C:\WINDOWS\System32\WS2_32.dll
0x00007fff34860000 - 0x00007fff34872000 	C:\WINDOWS\SYSTEM32\kernel.appcore.dll
0x00007fff32090000 - 0x00007fff320a0000 	D:\Program Files\Java\jdk1.8.0_351\jre\bin\verify.dll
0x00007fff1eb60000 - 0x00007fff1eb8b000 	D:\Program Files\Java\jdk1.8.0_351\jre\bin\java.dll
0x00007fff1ba30000 - 0x00007fff1ba60000 	D:\Program Files\Java\jdk1.8.0_351\jre\bin\instrument.dll
0x00007fff31f70000 - 0x00007fff31f88000 	D:\Program Files\Java\jdk1.8.0_351\jre\bin\zip.dll
0x00007fff37a90000 - 0x00007fff381d4000 	C:\WINDOWS\System32\SHELL32.dll
0x00007fff34a60000 - 0x00007fff351f2000 	C:\WINDOWS\SYSTEM32\windows.storage.dll
0x00007fff373d0000 - 0x00007fff37725000 	C:\WINDOWS\System32\combase.dll
0x00007fff36390000 - 0x00007fff363c0000 	C:\WINDOWS\SYSTEM32\Wldp.dll
0x00007fff38bd0000 - 0x00007fff38c7d000 	C:\WINDOWS\System32\SHCORE.dll
0x00007fff38e60000 - 0x00007fff38eb5000 	C:\WINDOWS\System32\shlwapi.dll
0x00007fff368e0000 - 0x00007fff368ff000 	C:\WINDOWS\SYSTEM32\profapi.dll
0x00007fff32130000 - 0x00007fff3214a000 	D:\ideaIU-2021.1.3.win\bin\breakgen64.dll
0x00007fff23230000 - 0x00007fff2324c000 	D:\Program Files\Java\jdk1.8.0_351\jre\bin\net.dll
0x00007fff36080000 - 0x00007fff360ea000 	C:\WINDOWS\system32\mswsock.dll
0x0000000069ac0000 - 0x0000000069ae4000 	C:\Users\15241\AppData\Local\Temp\jansi-2.4.0-90e4dca0de867234-jansi.dll
0x00007fff309a0000 - 0x00007fff309ad000 	D:\Program Files\Java\jdk1.8.0_351\jre\bin\management.dll
0x00007fff11c90000 - 0x00007fff11ca7000 	C:\WINDOWS\system32\napinsp.dll
0x00007fff11c70000 - 0x00007fff11c8b000 	C:\WINDOWS\system32\pnrpnsp.dll
0x00007fff11b80000 - 0x00007fff11b95000 	C:\WINDOWS\system32\wshbth.dll
0x00007fff322e0000 - 0x00007fff322fd000 	C:\WINDOWS\system32\NLAapi.dll
0x00007fff35d70000 - 0x00007fff35dab000 	C:\WINDOWS\SYSTEM32\IPHLPAPI.DLL
0x00007fff35db0000 - 0x00007fff35e7a000 	C:\WINDOWS\SYSTEM32\DNSAPI.dll
0x00007fff38c80000 - 0x00007fff38c88000 	C:\WINDOWS\System32\NSI.dll
0x00007fff10410000 - 0x00007fff10422000 	C:\WINDOWS\System32\winrnr.dll
0x00007fff28b30000 - 0x00007fff28b3a000 	C:\Windows\System32\rasadhlp.dll
0x00007fff28900000 - 0x00007fff28980000 	C:\WINDOWS\System32\fwpuclnt.dll
0x00007fff36af0000 - 0x00007fff36b17000 	C:\WINDOWS\System32\bcrypt.dll
0x00007fff1ca60000 - 0x00007fff1ca73000 	D:\Program Files\Java\jdk1.8.0_351\jre\bin\nio.dll
0x00007fff21140000 - 0x00007fff21324000 	C:\WINDOWS\SYSTEM32\dbghelp.dll
0x00007fff36e70000 - 0x00007fff36ef2000 	C:\WINDOWS\System32\bcryptPrimitives.dll

VM Arguments:
jvm_args: -Dmaven.multiModuleProjectDirectory=D:\JavaProjects\bz-mall -DarchetypeCatalog=internal -Dmaven.home=D:\MyPath\apache-maven-3.8.6 -Dclassworlds.conf=D:\MyPath\apache-maven-3.8.6\bin\m2.conf -Dmaven.ext.class.path=D:\ideaIU-2021.1.3.win\plugins\maven\lib\maven-event-listener.jar -javaagent:D:\ideaIU-2021.1.3.win\lib\idea_rt.jar=62178:D:\ideaIU-2021.1.3.win\bin -Dfile.encoding=UTF-8 
java_command: org.codehaus.classworlds.Launcher -Didea.version=2021.1.3 -s D:\MyPath\apache-maven-3.8.6\conf\settings.xml -Dmaven.repo.local=D:\MyPath\apache-maven-3.8.6\maven-repo install
java_class_path (initial): D:\MyPath\apache-maven-3.8.6\boot\plexus-classworlds-2.6.0.jar;D:\MyPath\apache-maven-3.8.6\boot\plexus-classworlds.license;D:\ideaIU-2021.1.3.win\lib\idea_rt.jar
Launcher Type: SUN_STANDARD

Environment Variables:
JAVA_HOME=D:\Program Files\Java\jdk1.8.0_351
CLASSPATH=.;D:\MyPath\apache-tomcat-9.0.65\lib\servlet-api.jar;D:\course\JavaWeb\01.mysql\mysql-connector-java-8.0.25\mysql-connector-java-8.0.25.jar;D:\Program Files\Java\jdk1.8.0_351\lib;%JRE_HOME%\lib\tools.jar;
PATH=D:\Program Files\Java\jdk1.8.0_351\bin;D:\Program Files\MySQL\MySQL Server 8.0\bin;D:\MyPath\apache-tomcat-9.0.65\bin;D:\python\Scripts\;D:\python\;C:\windows\system32;C:\windows;C:\windows\System32\Wbem;C:\windows\System32\WindowsPowerShell\v1.0\;C:\Program Files (x86)\NVIDIA Corporation\PhysX\Common;C:\Program Files\NVIDIA Corporation\NVIDIA NvDLISR;C:\WINDOWS\system32;C:\WINDOWS;C:\WINDOWS\System32\Wbem;C:\WINDOWS\System32\WindowsPowerShell\v1.0\;C:\Program Files\Microsoft SQL Server\120\Tools\Binn\;D:\wamp\bin\mysql\mysql5.5.20\bin;D:\MyPath\apache-maven-3.8.6\bin;E:\Microsoft VS Code\bin;D:\Program Files\Git\cmd;D:\Program Files\nodejs\;D:\nodejs\node_global;C:\WINDOWS\System32\OpenSSH\;C:\Windows\System32\OpenSSH\;D:\Program Files\Microsoft VS Code\bin;C:\Users\15241\AppData\Local\Microsoft\WindowsAppsC:\Program Files\Google\Chrome\Application\;"D:\Program Files\Java\jdk1.8.0_351\BIN;";C:\Users\15241\AppData\Local\Microsoft\WindowsApps;D:\pycharm\PyCharm 2021.2.1\bin;;D:\pycharm\PyCharm Community Edition 2021.2.1\bin;;%IntelliJ IDEA Community Edition%;D:\Program Files\java\jdk1.8.0_121\bin;;D:\IntelliJ IDEA 2022.1.3\bin;;C:\Users\15241\AppData\Roaming\npm
USERNAME=15241
OS=Windows_NT
PROCESSOR_IDENTIFIER=AMD64 Family 23 Model 96 Stepping 1, AuthenticAMD



---------------  S Y S T E M  ---------------

OS: Windows 10 , 64 bit Build 19041 (10.0.19041.2364)

CPU:total 12 (initial active 12) (12 cores per cpu, 1 threads per core) family 23 model 96 stepping 1, cmov, cx8, fxsr, mmx, sse, sse2, sse3, ssse3, sse4.1, sse4.2, popcnt, avx, avx2, aes, clmul, mmxext, 3dnowpref, lzcnt, sse4a, tsc, tscinvbit, tscinv, bmi1

Memory: 4k page, physical 16110724k(2854408k free), swap 16110724k(5132k free)

vm_info: Java HotSpot(TM) 64-Bit Server VM (25.351-b10) for windows-amd64 JRE (1.8.0_351-b10), built on Sep 15 2022 02:58:06 by "java_re" with MS VC++ 15.9 (VS2017)

time: Mon Feb  6 22:52:50 2023
timezone: AMD64 Family 23 Model 96 Stepping 1, AuthenticAMD
elapsed time: 12.381738 seconds (0d 0h 0m 12s)

